0 info it worked if it ends with ok
1 verbose cli [ 'c:\\Program Files\\nodejs\\node.exe',
1 verbose cli   'c:\\Program Files\\nodejs\\node_modules\\npm\\bin\\npm-cli.js',
1 verbose cli   'install',
1 verbose cli   'mongoos',
1 verbose cli   '--save' ]
2 info using npm@1.3.24
3 info using node@v0.10.25
4 warn package.json MultiVision@0.0.0 No repository field.
5 warn package.json MultiVision@0.0.0 No README data
6 verbose readDependencies using package.json deps
7 verbose cache add [ 'mongoos', null ]
8 verbose cache add name=undefined spec="mongoos" args=["mongoos",null]
9 verbose parsed url { protocol: null,
9 verbose parsed url   slashes: null,
9 verbose parsed url   auth: null,
9 verbose parsed url   host: null,
9 verbose parsed url   port: null,
9 verbose parsed url   hostname: null,
9 verbose parsed url   hash: null,
9 verbose parsed url   search: null,
9 verbose parsed url   query: null,
9 verbose parsed url   pathname: 'mongoos',
9 verbose parsed url   path: 'mongoos',
9 verbose parsed url   href: 'mongoos' }
10 silly lockFile 8a883f4a-mongoos mongoos
11 verbose lock mongoos C:\Users\margo design\AppData\Roaming\npm-cache\8a883f4a-mongoos.lock
12 silly lockFile 8a883f4a-mongoos mongoos
13 silly lockFile 8a883f4a-mongoos mongoos
14 verbose addNamed [ 'mongoos', '' ]
15 verbose addNamed [ null, '*' ]
16 silly lockFile 42a6566b-mongoos mongoos@
17 verbose lock mongoos@ C:\Users\margo design\AppData\Roaming\npm-cache\42a6566b-mongoos.lock
18 silly addNameRange { name: 'mongoos', range: '*', hasData: false }
19 verbose url raw mongoos
20 verbose url resolving [ 'https://registry.npmjs.org/', './mongoos' ]
21 verbose url resolved https://registry.npmjs.org/mongoos
22 info trying registry request attempt 1 at 10:07:50
23 http GET https://registry.npmjs.org/mongoos
24 http 404 https://registry.npmjs.org/mongoos
25 silly registry.get cb [ 404,
25 silly registry.get   { date: 'Thu, 09 Oct 2014 07:07:47 GMT',
25 silly registry.get     server: 'CouchDB/1.5.0 (Erlang OTP/R14B04)',
25 silly registry.get     'content-type': 'application/json',
25 silly registry.get     'cache-control': 'max-age=0',
25 silly registry.get     'content-length': '52',
25 silly registry.get     'accept-ranges': 'bytes',
25 silly registry.get     via: '1.1 varnish',
25 silly registry.get     age: '0',
25 silly registry.get     'x-served-by': 'cache-fra1232-FRA',
25 silly registry.get     'x-cache': 'MISS',
25 silly registry.get     'x-cache-hits': '0',
25 silly registry.get     'x-timer': 'S1412838467.310961,VS0,VE113',
25 silly registry.get     'keep-alive': 'timeout=10, max=50',
25 silly registry.get     connection: 'Keep-Alive' } ]
26 silly lockFile 42a6566b-mongoos mongoos@
27 silly lockFile 42a6566b-mongoos mongoos@
28 error 404 'mongoos' is not in the npm registry.
28 error 404 You should bug the author to publish it
28 error 404 It was specified as a dependency of 'MultiVision'
28 error 404
28 error 404 Note that you can also install from a
28 error 404 tarball, folder, or http url, or git url.
29 error System Windows_NT 6.1.7601
30 error command "c:\\Program Files\\nodejs\\node.exe" "c:\\Program Files\\nodejs\\node_modules\\npm\\bin\\npm-cli.js" "install" "mongoos" "--save"
31 error cwd d:\xampp\htdocs\mean-stack
32 error node -v v0.10.25
33 error npm -v 1.3.24
34 error code E404
35 verbose exit [ 1, true ]
